<?xml version="1.0" encoding="UTF-8"?>
<!-- Generated by org.testng.reporters.JUnitXMLReporter -->
<testsuite ignored="0" hostname="LAPTOP-QDOHP8LB" failures="0" tests="2" name="TestRunner1" time="82.579" errors="0" timestamp="2021-12-13T10:22:27 IST">
  <testcase classname="com.Vtiger.TC.TC001_Createorganisationtest" name="createOrganisationLink" time="31.023"/>
  <testcase classname="com.Vtiger.TC.TC001_Createorganisationtest" name="createorganisationphonenumber" time="31.515"/>
</testsuite> <!-- TestRunner1 -->
