<?xml version="1.0" encoding="UTF-8"?>
<!-- Generated by org.testng.reporters.JUnitXMLReporter -->
<testsuite ignored="6" hostname="LAPTOP-QDOHP8LB" failures="0" tests="4" name="Test" time="42.922" errors="0" timestamp="2021-12-16T15:29:03 IST">
  <testcase classname="com.Vtiger.genericUtil.BaseClass" name="@BeforeMethod logintoapp" time="0.001">
    <failure type="java.lang.NullPointerException" message="Cannot invoke &amp;quot;org.openqa.selenium.SearchContext.findElement(org.openqa.selenium.By)&amp;quot; because &amp;quot;this.searchContext&amp;quot; is null">
      <![CDATA[java.lang.NullPointerException: Cannot invoke "org.openqa.selenium.SearchContext.findElement(org.openqa.selenium.By)" because "this.searchContext" is null
at org.openqa.selenium.support.pagefactory.DefaultElementLocator.findElement(DefaultElementLocator.java:70)
at org.openqa.selenium.support.pagefactory.internal.LocatingElementHandler.invoke(LocatingElementHandler.java:39)
at jdk.proxy2/jdk.proxy2.$Proxy21.sendKeys(Unknown Source)
at com.Vtiger.POMclasses.LoginPage.logintoapp(LoginPage.java:52)
at com.Vtiger.genericUtil.BaseClass.logintoapp(BaseClass.java:63)
at java.base/java.util.ArrayList.forEach(ArrayList.java:1511)
... Removed 31 stack frames]]>
    </failure>
  </testcase> <!-- @BeforeMethod logintoapp -->
  <testcase classname="com.Vtiger.genericUtil.BaseClass" name="@AfterMethod logoutFromApp" time="-1.639648743545E9">
    <skipped/>
  </testcase> <!-- @AfterMethod logoutFromApp -->
  <testcase classname="com.Vtiger.genericUtil.BaseClass" name="@AfterClass tearDown" time="-1.639648743546E9">
    <skipped/>
  </testcase> <!-- @AfterClass tearDown -->
  <testcase classname="com.Vtiger.genericUtil.BaseClass" name="@BeforeMethod logintoapp" time="0.001">
    <failure type="java.lang.NullPointerException" message="Cannot invoke &amp;quot;org.openqa.selenium.SearchContext.findElement(org.openqa.selenium.By)&amp;quot; because &amp;quot;this.searchContext&amp;quot; is null">
      <![CDATA[java.lang.NullPointerException: Cannot invoke "org.openqa.selenium.SearchContext.findElement(org.openqa.selenium.By)" because "this.searchContext" is null
at org.openqa.selenium.support.pagefactory.DefaultElementLocator.findElement(DefaultElementLocator.java:70)
at org.openqa.selenium.support.pagefactory.internal.LocatingElementHandler.invoke(LocatingElementHandler.java:39)
at jdk.proxy2/jdk.proxy2.$Proxy21.sendKeys(Unknown Source)
at com.Vtiger.POMclasses.LoginPage.logintoapp(LoginPage.java:52)
at com.Vtiger.genericUtil.BaseClass.logintoapp(BaseClass.java:63)
at java.base/java.util.ArrayList.forEach(ArrayList.java:1511)
... Removed 31 stack frames]]>
    </failure>
  </testcase> <!-- @BeforeMethod logintoapp -->
  <testcase classname="com.Vtiger.genericUtil.BaseClass" name="@AfterMethod logoutFromApp" time="-1.639648743552E9">
    <skipped/>
  </testcase> <!-- @AfterMethod logoutFromApp -->
  <testcase classname="com.Vtiger.genericUtil.BaseClass" name="@BeforeMethod logintoapp" time="-1.639648743554E9">
    <skipped/>
  </testcase> <!-- @BeforeMethod logintoapp -->
  <testcase classname="com.Vtiger.genericUtil.BaseClass" name="@AfterMethod logoutFromApp" time="-1.639648743556E9">
    <skipped/>
  </testcase> <!-- @AfterMethod logoutFromApp -->
  <testcase classname="com.Vtiger.genericUtil.BaseClass" name="@AfterClass tearDown" time="-1.639648743558E9">
    <skipped/>
  </testcase> <!-- @AfterClass tearDown -->
  <testcase classname="com.Vtiger.TC.TC003_Createorganisation" name="createContacts" time="28.826"/>
  <testcase classname="com.Vtiger.TC.TC_002_CreateOrganisationdropdowntest" name="createOrganisationDropdown" time="0.0">
    <skipped/>
  </testcase> <!-- createOrganisationDropdown -->
  <testcase classname="com.Vtiger.TC.TC001_Createorganisationtest" name="createOrganisationLink" time="0.0">
    <skipped/>
  </testcase> <!-- createOrganisationLink -->
  <testcase classname="com.Vtiger.TC.TC001_Createorganisationtest" name="createorganisationphonenumber" time="0.0">
    <skipped/>
  </testcase> <!-- createorganisationphonenumber -->
  <testcase classname="com.Vtiger.genericUtil.BaseClass" name="@BeforeTest openBrowser" time="0.0">
    <ignored/>
  </testcase> <!-- @BeforeTest openBrowser -->
  <testcase classname="com.Vtiger.genericUtil.BaseClass" name="@BeforeTest openBrowser" time="0.0">
    <ignored/>
  </testcase> <!-- @BeforeTest openBrowser -->
  <testcase classname="com.Vtiger.genericUtil.BaseClass" name="@BeforeSuite connectDatabase" time="0.0">
    <ignored/>
  </testcase> <!-- @BeforeSuite connectDatabase -->
  <testcase classname="com.Vtiger.genericUtil.BaseClass" name="@BeforeSuite connectDatabase" time="0.0">
    <ignored/>
  </testcase> <!-- @BeforeSuite connectDatabase -->
  <testcase classname="com.Vtiger.genericUtil.BaseClass" name="@AfterSuite disconnectfromDb" time="0.0">
    <ignored/>
  </testcase> <!-- @AfterSuite disconnectfromDb -->
  <testcase classname="com.Vtiger.genericUtil.BaseClass" name="@AfterSuite disconnectfromDb" time="0.0">
    <ignored/>
  </testcase> <!-- @AfterSuite disconnectfromDb -->
</testsuite> <!-- Test -->
